*** Using Compiler 'V5.06 update 7 (build 960)', folder: 'C:\Keil_v5\ARM\ARMCC\Bin'
Build target 'LiteRadio_Plus'
compiling adc.c...
compiling spi.c...
compiling gpio.c...
compiling dma.c...
compiling usart.c...
compiling tim.c...
compiling freertos.c...
compiling main.c...
compiling stm32f1xx_hal_msp.c...
compiling usbd_desc.c...
compiling stm32f1xx_hal_gpio_ex.c...
compiling stm32f1xx_hal_timebase_tim.c...
compiling usb_device.c...
compiling usbd_conf.c...
compiling usbd_custom_hid_if.c...
compiling stm32f1xx_it.c...
compiling stm32f1xx_hal_rcc_ex.c...
compiling stm32f1xx_hal_pcd_ex.c...
compiling stm32f1xx_hal_gpio.c...
compiling stm32f1xx_hal_pcd.c...
compiling stm32f1xx_hal.c...
compiling stm32f1xx_hal_rcc.c...
compiling stm32f1xx_hal_dma.c...
compiling stm32f1xx_ll_usb.c...
compiling stm32f1xx_hal_adc_ex.c...
compiling stm32f1xx_hal_pwr.c...
compiling stm32f1xx_hal_flash.c...
compiling stm32f1xx_hal_cortex.c...
compiling stm32f1xx_hal_exti.c...
compiling stm32f1xx_hal_flash_ex.c...
compiling stm32f1xx_hal_adc.c...
compiling stm32f1xx_hal_spi.c...
compiling event_groups.c...
compiling croutine.c...
compiling list.c...
compiling queue.c...
compiling timers.c...
compiling stream_buffer.c...
compiling tasks.c...
compiling heap_4.c...
compiling port.c...
compiling cmsis_os.c...
compiling usbd_ioreq.c...
compiling system_stm32f1xx.c...
compiling usbd_customhid.c...
compiling stm32f1xx_hal_uart.c...
compiling usbd_core.c...
compiling usbd_ctlreq.c...
compiling stm32f1xx_hal_tim_ex.c...
compiling stm32f1xx_hal_tim.c...
compiling stmflash.c...
compiling mixes.c...
compiling function.c...
compiling gimbal.c...
compiling joystick.c...
compiling radiolink.c...
..\USER\protocol\common.h(155): error:  #20: identifier "expresslrs_mod_settings_s" is undefined
  expresslrs_mod_settings_s *get_elrs_airRateConfig(int8_t index);
..\USER\protocol\common.h(161): error:  #20: identifier "expresslrs_mod_settings_s" is undefined
  extern expresslrs_mod_settings_s *ExpressLRS_currAirRate_Modparams;
..\USER\Drivers\radiolink.c: 0 warnings, 2 errors
compiling tx_main.c...
..\USER\protocol\fhss.h(259): error:  #35: #error directive: No regulatory domain defined, please define one in user_defines.txt
  #error No regulatory domain defined, please define one in user_defines.txt
..\USER\Drivers\tx_main.c: 0 warnings, 1 error
compiling status.c...
compiling switches.c...
compiling rgb.c...
compiling buzzer.c...
compiling delay.c...
compiling sx1280.c...
..\USER\protocol\fhss.h(259): error:  #35: #error directive: No regulatory domain defined, please define one in user_defines.txt
  #error No regulatory domain defined, please define one in user_defines.txt
..\USER\Hardware\sx1280.c: 0 warnings, 1 error
compiling cc2500.c...
compiling key.c...
compiling sx1280hal.c...
compiling SEGGER_SYSVIEW_Config_FreeRTOS.c...
compiling SEGGER_SYSVIEW_FreeRTOS.c...
compiling frsky_d16.c...
compiling common.c...
..\USER\protocol\fhss.h(259): error:  #35: #error directive: No regulatory domain defined, please define one in user_defines.txt
  #error No regulatory domain defined, please define one in user_defines.txt
..\USER\protocol\common.c: 0 warnings, 1 error
compiling fhss.c...
..\USER\protocol\fhss.h(259): error:  #35: #error directive: No regulatory domain defined, please define one in user_defines.txt
  #error No regulatory domain defined, please define one in user_defines.txt
..\USER\protocol\fhss.c: 0 warnings, 1 error
compiling frsky_d8.c...
compiling crsf.c...
compiling s_fhss.c...
"LiteRadio_Plus\LiteRadio_Plus.axf" - 6 Error(s), 0 Warning(s).
Target not created.
Build Time Elapsed:  00:00:41
